{"total": {"lines":{"total":1458,"covered":911,"skipped":0,"pct":62.48},"statements":{"total":2479,"covered":1441,"skipped":0,"pct":58.12},"functions":{"total":336,"covered":201,"skipped":0,"pct":59.82},"branches":{"total":742,"covered":554,"skipped":0,"pct":74.66},"branchesTrue":{"total":0,"covered":0,"skipped":0,"pct":100}}
,"/app/src/app/app.ts": {"lines":{"total":6,"covered":6,"skipped":0,"pct":100},"functions":{"total":1,"covered":1,"skipped":0,"pct":100},"statements":{"total":12,"covered":12,"skipped":0,"pct":100},"branches":{"total":10,"covered":10,"skipped":0,"pct":100}}
,"/app/src/app/core/data/backgrounds.json": {"lines":{"total":1,"covered":1,"skipped":0,"pct":100},"functions":{"total":0,"covered":0,"skipped":0,"pct":100},"statements":{"total":1,"covered":1,"skipped":0,"pct":100},"branches":{"total":0,"covered":0,"skipped":0,"pct":100}}
,"/app/src/app/core/data/badges.json": {"lines":{"total":1,"covered":1,"skipped":0,"pct":100},"functions":{"total":0,"covered":0,"skipped":0,"pct":100},"statements":{"total":1,"covered":1,"skipped":0,"pct":100},"branches":{"total":0,"covered":0,"skipped":0,"pct":100}}
,"/app/src/app/core/data/index.ts": {"lines":{"total":6,"covered":6,"skipped":0,"pct":100},"functions":{"total":6,"covered":6,"skipped":0,"pct":100},"statements":{"total":8,"covered":8,"skipped":0,"pct":100},"branches":{"total":4,"covered":3,"skipped":0,"pct":75}}
,"/app/src/app/core/guards/auth.guard.ts": {"lines":{"total":15,"covered":15,"skipped":0,"pct":100},"functions":{"total":3,"covered":3,"skipped":0,"pct":100},"statements":{"total":19,"covered":19,"skipped":0,"pct":100},"branches":{"total":10,"covered":9,"skipped":0,"pct":90}}
,"/app/src/app/core/interceptors/jwt.interceptor.ts": {"lines":{"total":8,"covered":7,"skipped":0,"pct":87.5},"functions":{"total":4,"covered":2,"skipped":0,"pct":50},"statements":{"total":12,"covered":10,"skipped":0,"pct":83.33},"branches":{"total":6,"covered":6,"skipped":0,"pct":100}}
,"/app/src/app/core/services/auth-storage.service.ts": {"lines":{"total":32,"covered":32,"skipped":0,"pct":100},"functions":{"total":20,"covered":20,"skipped":0,"pct":100},"statements":{"total":41,"covered":41,"skipped":0,"pct":100},"branches":{"total":16,"covered":15,"skipped":0,"pct":93.75}}
,"/app/src/app/core/services/auth.service.ts": {"lines":{"total":52,"covered":37,"skipped":0,"pct":71.15},"functions":{"total":26,"covered":14,"skipped":0,"pct":53.84},"statements":{"total":63,"covered":44,"skipped":0,"pct":69.84},"branches":{"total":24,"covered":20,"skipped":0,"pct":83.33}}
,"/app/src/app/core/services/inventory.service.ts": {"lines":{"total":7,"covered":7,"skipped":0,"pct":100},"functions":{"total":4,"covered":4,"skipped":0,"pct":100},"statements":{"total":10,"covered":10,"skipped":0,"pct":100},"branches":{"total":5,"covered":5,"skipped":0,"pct":100}}
,"/app/src/app/core/services/leaderboard.service.ts": {"lines":{"total":6,"covered":6,"skipped":0,"pct":100},"functions":{"total":2,"covered":2,"skipped":0,"pct":100},"statements":{"total":9,"covered":9,"skipped":0,"pct":100},"branches":{"total":8,"covered":8,"skipped":0,"pct":100}}
,"/app/src/app/core/services/profile.service.ts": {"lines":{"total":4,"covered":4,"skipped":0,"pct":100},"functions":{"total":2,"covered":2,"skipped":0,"pct":100},"statements":{"total":7,"covered":7,"skipped":0,"pct":100},"branches":{"total":5,"covered":5,"skipped":0,"pct":100}}
,"/app/src/app/core/services/records.service.ts": {"lines":{"total":4,"covered":4,"skipped":0,"pct":100},"functions":{"total":1,"covered":1,"skipped":0,"pct":100},"statements":{"total":7,"covered":7,"skipped":0,"pct":100},"branches":{"total":5,"covered":5,"skipped":0,"pct":100}}
,"/app/src/app/core/services/servers.service.ts": {"lines":{"total":5,"covered":5,"skipped":0,"pct":100},"functions":{"total":2,"covered":2,"skipped":0,"pct":100},"statements":{"total":8,"covered":8,"skipped":0,"pct":100},"branches":{"total":5,"covered":5,"skipped":0,"pct":100}}
,"/app/src/app/core/services/shop.service.ts": {"lines":{"total":7,"covered":7,"skipped":0,"pct":100},"functions":{"total":4,"covered":4,"skipped":0,"pct":100},"statements":{"total":10,"covered":10,"skipped":0,"pct":100},"branches":{"total":5,"covered":5,"skipped":0,"pct":100}}
,"/app/src/app/core/services/stats.service.ts": {"lines":{"total":4,"covered":4,"skipped":0,"pct":100},"functions":{"total":1,"covered":1,"skipped":0,"pct":100},"statements":{"total":7,"covered":7,"skipped":0,"pct":100},"branches":{"total":5,"covered":5,"skipped":0,"pct":100}}
,"/app/src/app/core/services/travel.service.ts": {"lines":{"total":8,"covered":8,"skipped":0,"pct":100},"functions":{"total":5,"covered":5,"skipped":0,"pct":100},"statements":{"total":11,"covered":11,"skipped":0,"pct":100},"branches":{"total":5,"covered":5,"skipped":0,"pct":100}}
,"/app/src/app/core/utils/profile.utils.ts": {"lines":{"total":5,"covered":5,"skipped":0,"pct":100},"functions":{"total":5,"covered":5,"skipped":0,"pct":100},"statements":{"total":6,"covered":6,"skipped":0,"pct":100},"branches":{"total":5,"covered":5,"skipped":0,"pct":100}}
,"/app/src/app/features/auth/auth-callback.component.html": {"lines":{"total":12,"covered":9,"skipped":0,"pct":75},"functions":{"total":1,"covered":0,"skipped":0,"pct":0},"statements":{"total":27,"covered":20,"skipped":0,"pct":74.07},"branches":{"total":2,"covered":2,"skipped":0,"pct":100}}
,"/app/src/app/features/auth/auth-callback.component.ts": {"lines":{"total":30,"covered":27,"skipped":0,"pct":90},"functions":{"total":6,"covered":4,"skipped":0,"pct":66.66},"statements":{"total":35,"covered":32,"skipped":0,"pct":91.42},"branches":{"total":25,"covered":22,"skipped":0,"pct":88}}
,"/app/src/app/features/commands/commands.component.html": {"lines":{"total":43,"covered":43,"skipped":0,"pct":100},"functions":{"total":0,"covered":0,"skipped":0,"pct":100},"statements":{"total":80,"covered":80,"skipped":0,"pct":100},"branches":{"total":10,"covered":10,"skipped":0,"pct":100}}
,"/app/src/app/features/commands/commands.component.ts": {"lines":{"total":3,"covered":3,"skipped":0,"pct":100},"functions":{"total":3,"covered":3,"skipped":0,"pct":100},"statements":{"total":8,"covered":8,"skipped":0,"pct":100},"branches":{"total":10,"covered":10,"skipped":0,"pct":100}}
,"/app/src/app/features/commands/commands.data.ts": {"lines":{"total":2,"covered":2,"skipped":0,"pct":100},"functions":{"total":0,"covered":0,"skipped":0,"pct":100},"statements":{"total":2,"covered":2,"skipped":0,"pct":100},"branches":{"total":0,"covered":0,"skipped":0,"pct":100}}
,"/app/src/app/features/dashboard/dashboard.component.html": {"lines":{"total":22,"covered":22,"skipped":0,"pct":100},"functions":{"total":0,"covered":0,"skipped":0,"pct":100},"statements":{"total":34,"covered":34,"skipped":0,"pct":100},"branches":{"total":4,"covered":4,"skipped":0,"pct":100}}
,"/app/src/app/features/dashboard/dashboard.component.ts": {"lines":{"total":13,"covered":13,"skipped":0,"pct":100},"functions":{"total":6,"covered":6,"skipped":0,"pct":100},"statements":{"total":17,"covered":17,"skipped":0,"pct":100},"branches":{"total":13,"covered":13,"skipped":0,"pct":100}}
,"/app/src/app/features/home/home.component.html": {"lines":{"total":73,"covered":71,"skipped":0,"pct":97.26},"functions":{"total":2,"covered":0,"skipped":0,"pct":0},"statements":{"total":120,"covered":111,"skipped":0,"pct":92.5},"branches":{"total":4,"covered":3,"skipped":0,"pct":75}}
,"/app/src/app/features/home/home.component.ts": {"lines":{"total":6,"covered":6,"skipped":0,"pct":100},"functions":{"total":2,"covered":2,"skipped":0,"pct":100},"statements":{"total":10,"covered":10,"skipped":0,"pct":100},"branches":{"total":10,"covered":10,"skipped":0,"pct":100}}
,"/app/src/app/features/home/home.data.ts": {"lines":{"total":3,"covered":3,"skipped":0,"pct":100},"functions":{"total":0,"covered":0,"skipped":0,"pct":100},"statements":{"total":3,"covered":3,"skipped":0,"pct":100},"branches":{"total":0,"covered":0,"skipped":0,"pct":100}}
,"/app/src/app/features/inventory/inventory.component.html": {"lines":{"total":96,"covered":14,"skipped":0,"pct":14.58},"functions":{"total":7,"covered":0,"skipped":0,"pct":0},"statements":{"total":194,"covered":27,"skipped":0,"pct":13.91},"branches":{"total":32,"covered":2,"skipped":0,"pct":6.25}}
,"/app/src/app/features/inventory/inventory.component.ts": {"lines":{"total":53,"covered":42,"skipped":0,"pct":79.24},"functions":{"total":29,"covered":22,"skipped":0,"pct":75.86},"statements":{"total":71,"covered":58,"skipped":0,"pct":81.69},"branches":{"total":46,"covered":33,"skipped":0,"pct":71.73}}
,"/app/src/app/features/leaderboard/leaderboard.component.html": {"lines":{"total":39,"covered":11,"skipped":0,"pct":28.2},"functions":{"total":3,"covered":0,"skipped":0,"pct":0},"statements":{"total":87,"covered":19,"skipped":0,"pct":21.83},"branches":{"total":6,"covered":2,"skipped":0,"pct":33.33}}
,"/app/src/app/features/leaderboard/leaderboard.component.ts": {"lines":{"total":39,"covered":32,"skipped":0,"pct":82.05},"functions":{"total":15,"covered":11,"skipped":0,"pct":73.33},"statements":{"total":55,"covered":46,"skipped":0,"pct":83.63},"branches":{"total":39,"covered":36,"skipped":0,"pct":92.3}}
,"/app/src/app/features/map/map.component.html": {"lines":{"total":101,"covered":9,"skipped":0,"pct":8.91},"functions":{"total":7,"covered":0,"skipped":0,"pct":0},"statements":{"total":179,"covered":17,"skipped":0,"pct":9.49},"branches":{"total":26,"covered":1,"skipped":0,"pct":3.84}}
,"/app/src/app/features/map/map.component.ts": {"lines":{"total":83,"covered":46,"skipped":0,"pct":55.42},"functions":{"total":29,"covered":16,"skipped":0,"pct":55.17},"statements":{"total":98,"covered":60,"skipped":0,"pct":61.22},"branches":{"total":60,"covered":44,"skipped":0,"pct":73.33}}
,"/app/src/app/features/profile/profile.component.html": {"lines":{"total":71,"covered":66,"skipped":0,"pct":92.95},"functions":{"total":1,"covered":0,"skipped":0,"pct":0},"statements":{"total":135,"covered":124,"skipped":0,"pct":91.85},"branches":{"total":8,"covered":7,"skipped":0,"pct":87.5}}
,"/app/src/app/features/profile/profile.component.ts": {"lines":{"total":23,"covered":23,"skipped":0,"pct":100},"functions":{"total":9,"covered":9,"skipped":0,"pct":100},"statements":{"total":30,"covered":30,"skipped":0,"pct":100},"branches":{"total":23,"covered":23,"skipped":0,"pct":100}}
,"/app/src/app/features/records/records.component.html": {"lines":{"total":91,"covered":9,"skipped":0,"pct":9.89},"functions":{"total":1,"covered":0,"skipped":0,"pct":0},"statements":{"total":174,"covered":17,"skipped":0,"pct":9.77},"branches":{"total":14,"covered":1,"skipped":0,"pct":7.14}}
,"/app/src/app/features/records/records.component.ts": {"lines":{"total":20,"covered":16,"skipped":0,"pct":80},"functions":{"total":7,"covered":5,"skipped":0,"pct":71.42},"statements":{"total":27,"covered":23,"skipped":0,"pct":85.18},"branches":{"total":22,"covered":22,"skipped":0,"pct":100}}
,"/app/src/app/features/servers/servers.component.html": {"lines":{"total":69,"covered":22,"skipped":0,"pct":31.88},"functions":{"total":2,"covered":0,"skipped":0,"pct":0},"statements":{"total":130,"covered":44,"skipped":0,"pct":33.84},"branches":{"total":28,"covered":7,"skipped":0,"pct":25}}
,"/app/src/app/features/servers/servers.component.ts": {"lines":{"total":24,"covered":23,"skipped":0,"pct":95.83},"functions":{"total":12,"covered":12,"skipped":0,"pct":100},"statements":{"total":34,"covered":33,"skipped":0,"pct":97.05},"branches":{"total":22,"covered":21,"skipped":0,"pct":95.45}}
,"/app/src/app/features/shop/shop.component.html": {"lines":{"total":100,"covered":14,"skipped":0,"pct":14},"functions":{"total":9,"covered":0,"skipped":0,"pct":0},"statements":{"total":203,"covered":27,"skipped":0,"pct":13.3},"branches":{"total":24,"covered":2,"skipped":0,"pct":8.33}}
,"/app/src/app/features/shop/shop.component.ts": {"lines":{"total":69,"covered":45,"skipped":0,"pct":65.21},"functions":{"total":49,"covered":16,"skipped":0,"pct":32.65},"statements":{"total":97,"covered":55,"skipped":0,"pct":56.7},"branches":{"total":60,"covered":40,"skipped":0,"pct":66.66}}
,"/app/src/app/features/stats/stats.component.html": {"lines":{"total":32,"covered":28,"skipped":0,"pct":87.5},"functions":{"total":1,"covered":0,"skipped":0,"pct":0},"statements":{"total":55,"covered":44,"skipped":0,"pct":80},"branches":{"total":8,"covered":5,"skipped":0,"pct":62.5}}
,"/app/src/app/features/stats/stats.component.ts": {"lines":{"total":18,"covered":16,"skipped":0,"pct":88.88},"functions":{"total":6,"covered":5,"skipped":0,"pct":83.33},"statements":{"total":24,"covered":22,"skipped":0,"pct":91.66},"branches":{"total":18,"covered":18,"skipped":0,"pct":100}}
,"/app/src/app/shared/components/header/header.component.html": {"lines":{"total":66,"covered":66,"skipped":0,"pct":100},"functions":{"total":21,"covered":0,"skipped":0,"pct":0},"statements":{"total":187,"covered":148,"skipped":0,"pct":79.14},"branches":{"total":14,"covered":13,"skipped":0,"pct":92.85}}
,"/app/src/app/shared/components/header/header.component.ts": {"lines":{"total":36,"covered":27,"skipped":0,"pct":75},"functions":{"total":13,"covered":11,"skipped":0,"pct":84.61},"statements":{"total":45,"covered":36,"skipped":0,"pct":80},"branches":{"total":24,"covered":20,"skipped":0,"pct":83.33}}
,"/app/src/app/shared/components/ui/avatar/avatar.component.ts": {"lines":{"total":16,"covered":14,"skipped":0,"pct":87.5},"functions":{"total":5,"covered":3,"skipped":0,"pct":60},"statements":{"total":23,"covered":20,"skipped":0,"pct":86.95},"branches":{"total":16,"covered":16,"skipped":0,"pct":100}}
,"/app/src/app/shared/components/ui/badge/badge.component.ts": {"lines":{"total":5,"covered":5,"skipped":0,"pct":100},"functions":{"total":1,"covered":1,"skipped":0,"pct":100},"statements":{"total":10,"covered":10,"skipped":0,"pct":100},"branches":{"total":11,"covered":11,"skipped":0,"pct":100}}
,"/app/src/app/shared/components/ui/empty-state/empty-state.component.ts": {"lines":{"total":12,"covered":12,"skipped":0,"pct":100},"functions":{"total":1,"covered":1,"skipped":0,"pct":100},"statements":{"total":22,"covered":22,"skipped":0,"pct":100},"branches":{"total":17,"covered":17,"skipped":0,"pct":100}}
,"/app/src/app/shared/components/ui/spinner/spinner.component.ts": {"lines":{"total":5,"covered":5,"skipped":0,"pct":100},"functions":{"total":1,"covered":1,"skipped":0,"pct":100},"statements":{"total":9,"covered":9,"skipped":0,"pct":100},"branches":{"total":12,"covered":12,"skipped":0,"pct":100}}
,"/app/src/app/shared/components/ui/stat-card/stat-card.component.ts": {"lines":{"total":11,"covered":11,"skipped":0,"pct":100},"functions":{"total":1,"covered":1,"skipped":0,"pct":100},"statements":{"total":21,"covered":21,"skipped":0,"pct":100},"branches":{"total":16,"covered":16,"skipped":0,"pct":100}}
,"/app/src/environments/environment.development.ts": {"lines":{"total":1,"covered":1,"skipped":0,"pct":100},"functions":{"total":0,"covered":0,"skipped":0,"pct":100},"statements":{"total":1,"covered":1,"skipped":0,"pct":100},"branches":{"total":0,"covered":0,"skipped":0,"pct":100}}
}
